./etc/cups/cupsd.conf
./etc/cups/cupsd.conf.default
./etc/cups/cups-files.conf
./etc/cups/cups-files.conf.default
./etc/cups/snmp.conf
./etc/cups/snmp.conf.default
./etc/dbus-1/system.d
./etc/dbus-1/system.d/cups.conf
./etc/init.d/S42cups
./etc/xinetd.d
./etc/xinetd.d/cups-lpd
./usr/bin/cancel
./usr/bin/cups-config
./usr/bin/cupstestppd
./usr/bin/ippeveprinter
./usr/bin/ippfind
./usr/bin/ipptool
./usr/bin/lp
./usr/bin/lpoptions
./usr/bin/lpq
./usr/bin/lpr
./usr/bin/lprm
./usr/bin/lpstat
./usr/bin/ppdc
./usr/bin/ppdhtml
./usr/bin/ppdi
./usr/bin/ppdmerge
./usr/bin/ppdpo
./usr/lib/cups
./usr/lib/cups/backend
./usr/lib/cups/backend/dnssd
./usr/lib/cups/backend/http
./usr/lib/cups/backend/https
./usr/lib/cups/backend/ipp
./usr/lib/cups/backend/ipps
./usr/lib/cups/backend/lpd
./usr/lib/cups/backend/snmp
./usr/lib/cups/backend/socket
./usr/lib/cups/backend/usb
./usr/lib/cups/cgi-bin
./usr/lib/cups/cgi-bin/admin.cgi
./usr/lib/cups/cgi-bin/classes.cgi
./usr/lib/cups/cgi-bin/help.cgi
./usr/lib/cups/cgi-bin/jobs.cgi
./usr/lib/cups/cgi-bin/printers.cgi
./usr/lib/cups/command
./usr/lib/cups/command/ippevepcl
./usr/lib/cups/command/ippeveps
./usr/lib/cups/daemon
./usr/lib/cups/daemon/cups-deviced
./usr/lib/cups/daemon/cups-driverd
./usr/lib/cups/daemon/cups-exec
./usr/lib/cups/daemon/cups-lpd
./usr/lib/cups/driver
./usr/lib/cups/filter
./usr/lib/cups/filter/commandtops
./usr/lib/cups/filter/gziptoany
./usr/lib/cups/filter/pstops
./usr/lib/cups/filter/rastertoepson
./usr/lib/cups/filter/rastertohp
./usr/lib/cups/filter/rastertolabel
./usr/lib/cups/filter/rastertopwg
./usr/lib/cups/monitor
./usr/lib/cups/monitor/bcp
./usr/lib/cups/monitor/tbcp
./usr/lib/cups/notifier
./usr/lib/cups/notifier/dbus
./usr/lib/cups/notifier/mailto
./usr/lib/cups/notifier/rss
./usr/lib/libcupsimage.so
./usr/lib/libcupsimage.so.2
./usr/lib/libcups.so
./usr/lib/libcups.so.2
./usr/sbin/cupsaccept
./usr/sbin/cupsctl
./usr/sbin/cupsd
./usr/sbin/cupsdisable
./usr/sbin/cupsenable
./usr/sbin/cupsfilter
./usr/sbin/cupsreject
./usr/sbin/lpadmin
./usr/sbin/lpc
./usr/sbin/lpinfo
./usr/sbin/lpmove
./usr/share/cups/doc/apple-touch-icon.png
./usr/share/cups/doc/cups.css
./usr/share/cups/doc/cups-printable.css
./usr/share/cups/doc/help
./usr/share/cups/doc/help/accounting.html
./usr/share/cups/doc/help/admin.html
./usr/share/cups/doc/help/api-admin.html
./usr/share/cups/doc/help/api-filter.html
./usr/share/cups/doc/help/api-ppd.html
./usr/share/cups/doc/help/api-raster.html
./usr/share/cups/doc/help/cgi.html
./usr/share/cups/doc/help/cupspm.html
./usr/share/cups/doc/help/encryption.html
./usr/share/cups/doc/help/firewalls.html
./usr/share/cups/doc/help/glossary.html
./usr/share/cups/doc/help/kerberos.html
./usr/share/cups/doc/help/license.html
./usr/share/cups/doc/help/man-backend.html
./usr/share/cups/doc/help/man-cancel.html
./usr/share/cups/doc/help/man-classes.conf.html
./usr/share/cups/doc/help/man-client.conf.html
./usr/share/cups/doc/help/man-cupsaccept.html
./usr/share/cups/doc/help/man-cups-config.html
./usr/share/cups/doc/help/man-cupsd.conf.html
./usr/share/cups/doc/help/man-cupsd-helper.html
./usr/share/cups/doc/help/man-cupsd.html
./usr/share/cups/doc/help/man-cupsd-logs.html
./usr/share/cups/doc/help/man-cupsenable.html
./usr/share/cups/doc/help/man-cups-files.conf.html
./usr/share/cups/doc/help/man-cups.html
./usr/share/cups/doc/help/man-cups-lpd.html
./usr/share/cups/doc/help/man-cups-snmp.html
./usr/share/cups/doc/help/man-cupstestppd.html
./usr/share/cups/doc/help/man-filter.html
./usr/share/cups/doc/help/man-ippevepcl.html
./usr/share/cups/doc/help/man-ippeveprinter.html
./usr/share/cups/doc/help/man-ippfind.html
./usr/share/cups/doc/help/man-ipptoolfile.html
./usr/share/cups/doc/help/man-ipptool.html
./usr/share/cups/doc/help/man-lpadmin.html
./usr/share/cups/doc/help/man-lpc.html
./usr/share/cups/doc/help/man-lp.html
./usr/share/cups/doc/help/man-lpinfo.html
./usr/share/cups/doc/help/man-lpmove.html
./usr/share/cups/doc/help/man-lpoptions.html
./usr/share/cups/doc/help/man-lpq.html
./usr/share/cups/doc/help/man-lpr.html
./usr/share/cups/doc/help/man-lprm.html
./usr/share/cups/doc/help/man-lpstat.html
./usr/share/cups/doc/help/man-mime.convs.html
./usr/share/cups/doc/help/man-mime.types.html
./usr/share/cups/doc/help/man-notifier.html
./usr/share/cups/doc/help/man-ppdc.html
./usr/share/cups/doc/help/man-ppdhtml.html
./usr/share/cups/doc/help/man-ppdi.html
./usr/share/cups/doc/help/man-ppdmerge.html
./usr/share/cups/doc/help/man-ppdpo.html
./usr/share/cups/doc/help/man-printers.conf.html
./usr/share/cups/doc/help/man-subscriptions.conf.html
./usr/share/cups/doc/help/network.html
./usr/share/cups/doc/help/options.html
./usr/share/cups/doc/help/overview.html
./usr/share/cups/doc/help/policies.html
./usr/share/cups/doc/help/postscript-driver.html
./usr/share/cups/doc/help/ppd-compiler.html
./usr/share/cups/doc/help/raster-driver.html
./usr/share/cups/doc/help/ref-ppdcfile.html
./usr/share/cups/doc/help/security.html
./usr/share/cups/doc/help/sharing.html
./usr/share/cups/doc/help/spec-banner.html
./usr/share/cups/doc/help/spec-command.html
./usr/share/cups/doc/help/spec-design.html
./usr/share/cups/doc/help/spec-ipp.html
./usr/share/cups/doc/help/spec-ppd.html
./usr/share/cups/doc/help/spec-raster.html
./usr/share/cups/doc/help/spec-stp.html
./usr/share/cups/doc/help/translation.html
./usr/share/cups/doc/images/color-wheel.png
./usr/share/cups/doc/images/cups-block-diagram.png
./usr/share/cups/doc/images/cups-command-chain.png
./usr/share/cups/doc/images/cups-icon.png
./usr/share/cups/doc/images/cups.png
./usr/share/cups/doc/images/cups-postscript-chain.png
./usr/share/cups/doc/images/cups-raster-chain.png
./usr/share/cups/doc/images/generic.png
./usr/share/cups/doc/images/left.gif
./usr/share/cups/doc/images/raster-organization.png
./usr/share/cups/doc/images/raster.png
./usr/share/cups/doc/images/right.gif
./usr/share/cups/doc/images/sample-image.png
./usr/share/cups/doc/images/sel.gif
./usr/share/cups/doc/images/smiley.jpg
./usr/share/cups/doc/images/unsel.gif
./usr/share/cups/doc/images/wait.gif
./usr/share/cups/doc/index.html
./usr/share/cups/doc/robots.txt
./usr/share/cups/drv/sample.drv
./usr/share/cups/examples/color.drv
./usr/share/cups/examples/constraint.drv
./usr/share/cups/examples/custom.drv
./usr/share/cups/examples/grouping.drv
./usr/share/cups/examples/laserjet-basic.drv
./usr/share/cups/examples/laserjet-pjl.drv
./usr/share/cups/examples/minimum.drv
./usr/share/cups/examples/postscript.drv
./usr/share/cups/examples/r300-basic.drv
./usr/share/cups/examples/r300-colorman.drv
./usr/share/cups/examples/r300-remote.drv
./usr/share/cups/ipptool/cancel-current-job.test
./usr/share/cups/ipptool/color.jpg
./usr/share/cups/ipptool/create-job-format.test
./usr/share/cups/ipptool/create-job-sheets.test
./usr/share/cups/ipptool/create-job.test
./usr/share/cups/ipptool/create-job-timeout.test
./usr/share/cups/ipptool/create-printer-subscription.test
./usr/share/cups/ipptool/cups-create-local-printer.test
./usr/share/cups/ipptool/document-a4.pdf
./usr/share/cups/ipptool/document-a4.ps
./usr/share/cups/ipptool/document-letter.pdf
./usr/share/cups/ipptool/document-letter.ps
./usr/share/cups/ipptool/fax-job.test
./usr/share/cups/ipptool/get-completed-jobs.test
./usr/share/cups/ipptool/get-devices.test
./usr/share/cups/ipptool/get-job-attributes2.test
./usr/share/cups/ipptool/get-job-attributes.test
./usr/share/cups/ipptool/get-jobs.test
./usr/share/cups/ipptool/get-job-template-attributes.test
./usr/share/cups/ipptool/get-notifications.test
./usr/share/cups/ipptool/get-ppd-printer.test
./usr/share/cups/ipptool/get-ppds-drv-only.test
./usr/share/cups/ipptool/get-ppds-language.test
./usr/share/cups/ipptool/get-ppds-make-and-model.test
./usr/share/cups/ipptool/get-ppds-make.test
./usr/share/cups/ipptool/get-ppds-product.test
./usr/share/cups/ipptool/get-ppds-psversion.test
./usr/share/cups/ipptool/get-ppds.test
./usr/share/cups/ipptool/get-ppd.test
./usr/share/cups/ipptool/get-printer-attributes-suite.test
./usr/share/cups/ipptool/get-printer-attributes.test
./usr/share/cups/ipptool/get-printer-description-attributes.test
./usr/share/cups/ipptool/get-printers-printer-id.test
./usr/share/cups/ipptool/get-printers.test
./usr/share/cups/ipptool/get-subscriptions.test
./usr/share/cups/ipptool/gray.jpg
./usr/share/cups/ipptool/identify-printer-display.test
./usr/share/cups/ipptool/identify-printer-multiple.test
./usr/share/cups/ipptool/identify-printer.test
./usr/share/cups/ipptool/ipp-1.1.test
./usr/share/cups/ipptool/ipp-2.0.test
./usr/share/cups/ipptool/ipp-2.1.test
./usr/share/cups/ipptool/ipp-2.2.test
./usr/share/cups/ipptool/ipp-backend.test
./usr/share/cups/ipptool/ipp-everywhere.test
./usr/share/cups/ipptool/onepage-a4.pdf
./usr/share/cups/ipptool/onepage-a4.ps
./usr/share/cups/ipptool/onepage-letter.pdf
./usr/share/cups/ipptool/onepage-letter.ps
./usr/share/cups/ipptool/print-job-and-wait.test
./usr/share/cups/ipptool/print-job-deflate.test
./usr/share/cups/ipptool/print-job-gzip.test
./usr/share/cups/ipptool/print-job-hold.test
./usr/share/cups/ipptool/print-job-letter.test
./usr/share/cups/ipptool/print-job-manual.test
./usr/share/cups/ipptool/print-job-media-col.test
./usr/share/cups/ipptool/print-job-password.test
./usr/share/cups/ipptool/print-job.test
./usr/share/cups/ipptool/print-uri.test
./usr/share/cups/ipptool/set-attrs-hold.test
./usr/share/cups/ipptool/testfile.jpg
./usr/share/cups/ipptool/testfile.pcl
./usr/share/cups/ipptool/testfile.pdf
./usr/share/cups/ipptool/testfile.ps
./usr/share/cups/ipptool/testfile.txt
./usr/share/cups/ipptool/validate-job.test
./usr/share/cups/mime/mime.convs
./usr/share/cups/mime/mime.types
./usr/share/cups/ppdc/epson.h
./usr/share/cups/ppdc/font.defs
./usr/share/cups/ppdc/hp.h
./usr/share/cups/ppdc/label.h
./usr/share/cups/ppdc/media.defs
./usr/share/cups/ppdc/raster.defs
./usr/share/cups/profiles
./usr/share/cups/templates/add-class.tmpl
./usr/share/cups/templates/add-printer.tmpl
./usr/share/cups/templates/admin.tmpl
./usr/share/cups/templates/choose-device.tmpl
./usr/share/cups/templates/choose-make.tmpl
./usr/share/cups/templates/choose-model.tmpl
./usr/share/cups/templates/choose-serial.tmpl
./usr/share/cups/templates/choose-uri.tmpl
./usr/share/cups/templates/class-added.tmpl
./usr/share/cups/templates/class-confirm.tmpl
./usr/share/cups/templates/class-deleted.tmpl
./usr/share/cups/templates/classes-header.tmpl
./usr/share/cups/templates/classes.tmpl
./usr/share/cups/templates/class-jobs-header.tmpl
./usr/share/cups/templates/class-modified.tmpl
./usr/share/cups/templates/class.tmpl
./usr/share/cups/templates/command.tmpl
./usr/share/cups/templates/edit-config.tmpl
./usr/share/cups/templates/error-op.tmpl
./usr/share/cups/templates/error.tmpl
./usr/share/cups/templates/header.tmpl
./usr/share/cups/templates/help-header.tmpl
./usr/share/cups/templates/help-printable.tmpl
./usr/share/cups/templates/help-trailer.tmpl
./usr/share/cups/templates/job-cancel.tmpl
./usr/share/cups/templates/job-hold.tmpl
./usr/share/cups/templates/job-moved.tmpl
./usr/share/cups/templates/job-move.tmpl
./usr/share/cups/templates/job-release.tmpl
./usr/share/cups/templates/job-restart.tmpl
./usr/share/cups/templates/jobs-header.tmpl
./usr/share/cups/templates/jobs.tmpl
./usr/share/cups/templates/list-available-printers.tmpl
./usr/share/cups/templates/modify-class.tmpl
./usr/share/cups/templates/modify-printer.tmpl
./usr/share/cups/templates/norestart.tmpl
./usr/share/cups/templates/option-boolean.tmpl
./usr/share/cups/templates/option-conflict.tmpl
./usr/share/cups/templates/option-header.tmpl
./usr/share/cups/templates/option-pickmany.tmpl
./usr/share/cups/templates/option-pickone.tmpl
./usr/share/cups/templates/option-trailer.tmpl
./usr/share/cups/templates/pager.tmpl
./usr/share/cups/templates/printer-accept.tmpl
./usr/share/cups/templates/printer-added.tmpl
./usr/share/cups/templates/printer-cancel-jobs.tmpl
./usr/share/cups/templates/printer-configured.tmpl
./usr/share/cups/templates/printer-confirm.tmpl
./usr/share/cups/templates/printer-default.tmpl
./usr/share/cups/templates/printer-deleted.tmpl
./usr/share/cups/templates/printer-jobs-header.tmpl
./usr/share/cups/templates/printer-modified.tmpl
./usr/share/cups/templates/printer-reject.tmpl
./usr/share/cups/templates/printers-header.tmpl
./usr/share/cups/templates/printer-start.tmpl
./usr/share/cups/templates/printers.tmpl
./usr/share/cups/templates/printer-stop.tmpl
./usr/share/cups/templates/printer.tmpl
./usr/share/cups/templates/restart.tmpl
./usr/share/cups/templates/search.tmpl
./usr/share/cups/templates/set-printer-options-header.tmpl
./usr/share/cups/templates/set-printer-options-trailer.tmpl
./usr/share/cups/templates/test-page.tmpl
./usr/share/cups/templates/trailer.tmpl
./usr/share/cups/templates/users.tmpl
./usr/share/cups/usb/org.cups.usb-quirks
./usr/share/icons/hicolor/128x128/apps/cups.png
./usr/share/icons/hicolor/16x16/apps/cups.png
./usr/share/icons/hicolor/32x32/apps/cups.png
./usr/share/icons/hicolor/64x64/apps/cups.png
./usr/www/cgi-bin/cups.cgi

