./usr/bin/gdbus
./usr/bin/glib-genmarshal
./usr/bin/glib-gettextize
./usr/bin/glib-mkenums
./usr/bin/gobject-query
./usr/bin/gio-querymodules
./usr/bin/glib-compile-schemas
./usr/bin/gsettings
./usr/bin/gtester
./usr/bin/gtester-report
./usr/lib/libgio-2.0.so
./usr/lib/libgio-2.0.so.0
./usr/lib/libgio-2.0.so.0.3000.3
./usr/lib/libglib-2.0.so
./usr/lib/libglib-2.0.so.0
./usr/lib/libglib-2.0.so.0.3000.3
./usr/lib/libgmodule-2.0.so
./usr/lib/libgmodule-2.0.so.0
./usr/lib/libgmodule-2.0.so.0.3000.3
./usr/lib/libgobject-2.0.so
./usr/lib/libgobject-2.0.so.0
./usr/lib/libgobject-2.0.so.0.3000.3
./usr/lib/libgthread-2.0.so
./usr/lib/libgthread-2.0.so.0
./usr/lib/libgthread-2.0.so.0.3000.3
